Thu Mar 10 10:51:46 2022
Create Relation ADR_CONTROL
Create Relation ADR_INVALIDATION
Create Relation INC_METER_IMPT_DEF
Create Relation INC_METER_PK_IMPTS
Directory does not exist for read/write [C:\oraclexe\app\oracle\product\11.2.0\server\log] [C:\oraclexe\app\oracle\product\11.2.0\server\log\diag\clients]
Thu Mar 10 10:55:37 2022
Directory does not exist for read/write [C:\oraclexe\app\oracle\product\11.2.0\server\log] [C:\oraclexe\app\oracle\product\11.2.0\server\log\diag\clients]
Thu Mar 10 10:56:43 2022
Directory does not exist for read/write [C:\oraclexe\app\oracle\product\11.2.0\server\log] [C:\oraclexe\app\oracle\product\11.2.0\server\log\diag\clients]
Thu Mar 10 10:59:44 2022
Directory does not exist for read/write [C:\oraclexe\app\oracle\product\11.2.0\server\log] [C:\oraclexe\app\oracle\product\11.2.0\server\log\diag\clients]
Thu Mar 10 11:03:22 2022
Directory does not exist for read/write [C:\oraclexe\app\oracle\product\11.2.0\server\log] [C:\oraclexe\app\oracle\product\11.2.0\server\log\diag\clients]
Thu Mar 10 11:05:06 2022
Directory does not exist for read/write [C:\oraclexe\app\oracle\product\11.2.0\server\log] [C:\oraclexe\app\oracle\product\11.2.0\server\log\diag\clients]
Thu Mar 10 11:41:38 2022
Directory does not exist for read/write [C:\oraclexe\app\oracle\product\11.2.0\server\log] [C:\oraclexe\app\oracle\product\11.2.0\server\log\diag\clients]
Mon Mar 14 13:29:58 2022
Directory does not exist for read/write [C:\oraclexe\app\oracle\product\11.2.0\server\log] [C:\oraclexe\app\oracle\product\11.2.0\server\log\diag\clients]
Mon Mar 14 13:50:31 2022
Directory does not exist for read/write [C:\oraclexe\app\oracle\product\11.2.0\server\log] [C:\oraclexe\app\oracle\product\11.2.0\server\log\diag\clients]
